This is XeTeX, Version 3.14159265-2.6-0.99991 (TeX Live 2014/W32TeX) (preloaded format=xelatex 2020.5.25)  23 JAN 2021 07:49
entering extended mode
 restricted \write18 enabled.
 %&-line parsing enabled.
**untitled-2.tex
(./untitled-2.tex
LaTeX2e <2014/05/01>
Babel <3.9k> and hyphenation patterns for 78 languages loaded.
(c:/texlive/2014/texmf-dist/tex/latex/base/article.cls
Document Class: article 2007/10/19 v1.4h Standard LaTeX document class
(c:/texlive/2014/texmf-dist/tex/latex/base/size10.clo
File: size10.clo 2007/10/19 v1.4h Standard LaTeX file (size option)
)
\c@part=\count80
\c@section=\count81
\c@subsection=\count82
\c@subsubsection=\count83
\c@paragraph=\count84
\c@subparagraph=\count85
\c@figure=\count86
\c@table=\count87
\abovecaptionskip=\skip41
\belowcaptionskip=\skip42
\bibindent=\dimen102
)
(c:/texlive/2014/texmf-dist/tex/xelatex/ptext/ptext.sty
Package: ptext 2013/04/28 v1.1 A package similar to the lipsum package for the 
Persian language with 100 paragraphs of the Shahnameh

(c:/texlive/2014/texmf-dist/tex/xelatex/bidi/biditools.sty
Package: biditools 2013/04/10 v0.2 Programming tools for bidi package
)
\c@pte@count=\count88
)
(c:/texlive/2014/texmf-dist/tex/latex/graphics/graphicx.sty
Package: graphicx 2014/04/25 v1.0g Enhanced LaTeX Graphics (DPC,SPQR)

(c:/texlive/2014/texmf-dist/tex/latex/graphics/keyval.sty
Package: keyval 2014/05/08 v1.15 key=value parser (DPC)
\KV@toks@=\toks14
)
(c:/texlive/2014/texmf-dist/tex/latex/graphics/graphics.sty
Package: graphics 2009/02/05 v1.0o Standard LaTeX Graphics (DPC,SPQR)

(c:/texlive/2014/texmf-dist/tex/latex/graphics/trig.sty
Package: trig 1999/03/16 v1.09 sin cos tan (DPC)
)
(c:/texlive/2014/texmf-dist/tex/latex/latexconfig/graphics.cfg
File: graphics.cfg 2010/04/23 v1.9 graphics configuration of TeX Live
)
Package graphics Info: Driver file: xetex.def on input line 91.

(c:/texlive/2014/texmf-dist/tex/xelatex/xetex-def/xetex.def
File: xetex.def 2014/04/28 v4.01 LaTeX color/graphics driver for XeTeX (RRM/JK)

))
\Gin@req@height=\dimen103
\Gin@req@width=\dimen104
)
(c:/texlive/2014/texmf-dist/tex/latex/amsmath/amsmath.sty
Package: amsmath 2013/01/14 v2.14 AMS math features
\@mathmargin=\skip43

For additional information on amsmath, use the `?' option.
(c:/texlive/2014/texmf-dist/tex/latex/amsmath/amstext.sty
Package: amstext 2000/06/29 v2.01

(c:/texlive/2014/texmf-dist/tex/latex/amsmath/amsgen.sty
File: amsgen.sty 1999/11/30 v2.0
\@emptytoks=\toks15
\ex@=\dimen105
))
(c:/texlive/2014/texmf-dist/tex/latex/amsmath/amsbsy.sty
Package: amsbsy 1999/11/29 v1.2d
\pmbraise@=\dimen106
)
(c:/texlive/2014/texmf-dist/tex/latex/amsmath/amsopn.sty
Package: amsopn 1999/12/14 v2.01 operator names
)
\inf@bad=\count89
LaTeX Info: Redefining \frac on input line 210.
\uproot@=\count90
\leftroot@=\count91
LaTeX Info: Redefining \overline on input line 306.
\classnum@=\count92
\DOTSCASE@=\count93
LaTeX Info: Redefining \ldots on input line 378.
LaTeX Info: Redefining \dots on input line 381.
LaTeX Info: Redefining \cdots on input line 466.
\Mathstrutbox@=\box26
\strutbox@=\box27
\big@size=\dimen107
LaTeX Font Info:    Redeclaring font encoding OML on input line 566.
LaTeX Font Info:    Redeclaring font encoding OMS on input line 567.
\macc@depth=\count94
\c@MaxMatrixCols=\count95
\dotsspace@=\muskip10
\c@parentequation=\count96
\dspbrk@lvl=\count97
\tag@help=\toks16
\row@=\count98
\column@=\count99
\maxfields@=\count100
\andhelp@=\toks17
\eqnshift@=\dimen108
\alignsep@=\dimen109
\tagshift@=\dimen110
\tagwidth@=\dimen111
\totwidth@=\dimen112
\lineht@=\dimen113
\@envbody=\toks18
\multlinegap=\skip44
\multlinetaggap=\skip45
\mathdisplay@stack=\toks19
LaTeX Info: Redefining \[ on input line 2665.
LaTeX Info: Redefining \] on input line 2666.
)
(c:/texlive/2014/texmf-dist/tex/latex/hyperref/hyperref.sty
Package: hyperref 2012/11/06 v6.83m Hypertext links for LaTeX

(c:/texlive/2014/texmf-dist/tex/generic/oberdiek/hobsub-hyperref.sty
Package: hobsub-hyperref 2012/05/28 v1.13 Bundle oberdiek, subset hyperref (HO)


(c:/texlive/2014/texmf-dist/tex/generic/oberdiek/hobsub-generic.sty
Package: hobsub-generic 2012/05/28 v1.13 Bundle oberdiek, subset generic (HO)
Package: hobsub 2012/05/28 v1.13 Construct package bundles (HO)
Package: infwarerr 2010/04/08 v1.3 Providing info/warning/error messages (HO)
Package: ltxcmds 2011/11/09 v1.22 LaTeX kernel commands for general use (HO)
Package: ifluatex 2010/03/01 v1.3 Provides the ifluatex switch (HO)
Package ifluatex Info: LuaTeX not detected.
Package: ifvtex 2010/03/01 v1.5 Detect VTeX and its facilities (HO)
Package ifvtex Info: VTeX not detected.
Package: intcalc 2007/09/27 v1.1 Expandable calculations with integers (HO)
Package: ifpdf 2011/01/30 v2.3 Provides the ifpdf switch (HO)
Package ifpdf Info: pdfTeX in PDF mode is not detected.
Package: etexcmds 2011/02/16 v1.5 Avoid name clashes with e-TeX commands (HO)
Package etexcmds Info: Could not find \expanded.
(etexcmds)             That can mean that you are not using pdfTeX 1.50 or
(etexcmds)             that some package has redefined \expanded.
(etexcmds)             In the latter case, load this package earlier.
Package: kvsetkeys 2012/04/25 v1.16 Key value parser (HO)
Package: kvdefinekeys 2011/04/07 v1.3 Define keys (HO)
Package: pdftexcmds 2011/11/29 v0.20 Utility functions of pdfTeX for LuaTeX (HO
)
Package pdftexcmds Info: LuaTeX not detected.
Package pdftexcmds Info: pdfTeX >= 1.30 not detected.
Package pdftexcmds Info: \pdf@primitive is available.
Package pdftexcmds Info: \pdf@ifprimitive is available.
Package pdftexcmds Info: \pdfdraftmode not found.
Package: pdfescape 2011/11/25 v1.13 Implements pdfTeX's escape features (HO)
Package: bigintcalc 2012/04/08 v1.3 Expandable calculations on big integers (HO
)
Package: bitset 2011/01/30 v1.1 Handle bit-vector datatype (HO)
Package: uniquecounter 2011/01/30 v1.2 Provide unlimited unique counter (HO)
)
Package hobsub Info: Skipping package `hobsub' (already loaded).
Package: letltxmacro 2010/09/02 v1.4 Let assignment for LaTeX macros (HO)
Package: hopatch 2012/05/28 v1.2 Wrapper for package hooks (HO)
Package: xcolor-patch 2011/01/30 xcolor patch
Package: atveryend 2011/06/30 v1.8 Hooks at the very end of document (HO)
Package: atbegshi 2011/10/05 v1.16 At begin shipout hook (HO)
Package: refcount 2011/10/16 v3.4 Data extraction from label references (HO)
Package: hycolor 2011/01/30 v1.7 Color options for hyperref/bookmark (HO)
)
(c:/texlive/2014/texmf-dist/tex/generic/ifxetex/ifxetex.sty
Package: ifxetex 2010/09/12 v0.6 Provides ifxetex conditional
)
(c:/texlive/2014/texmf-dist/tex/latex/oberdiek/auxhook.sty
Package: auxhook 2011/03/04 v1.3 Hooks for auxiliary files (HO)
)
(c:/texlive/2014/texmf-dist/tex/latex/oberdiek/kvoptions.sty
Package: kvoptions 2011/06/30 v3.11 Key value format for package options (HO)
)
\@linkdim=\dimen114
\Hy@linkcounter=\count101
\Hy@pagecounter=\count102

(c:/texlive/2014/texmf-dist/tex/latex/hyperref/pd1enc.def
File: pd1enc.def 2012/11/06 v6.83m Hyperref: PDFDocEncoding definition (HO)
)
\Hy@SavedSpaceFactor=\count103

(c:/texlive/2014/texmf-dist/tex/latex/latexconfig/hyperref.cfg
File: hyperref.cfg 2002/06/06 v1.2 hyperref configuration of TeXLive
)
Package hyperref Info: Option `colorlinks' set `true' on input line 4319.
Package hyperref Info: Hyper figures OFF on input line 4443.
Package hyperref Info: Link nesting OFF on input line 4448.
Package hyperref Info: Hyper index ON on input line 4451.
Package hyperref Info: Plain pages OFF on input line 4458.
Package hyperref Info: Backreferencing OFF on input line 4463.
Package hyperref Info: Implicit mode ON; LaTeX internals redefined.
Package hyperref Info: Bookmarks ON on input line 4688.
\c@Hy@tempcnt=\count104

(c:/texlive/2014/texmf-dist/tex/latex/url/url.sty
\Urlmuskip=\muskip11
Package: url 2013/09/16  ver 3.4  Verb mode for urls, etc.
)
LaTeX Info: Redefining \url on input line 5041.
\XeTeXLinkMargin=\dimen115
\Fld@menulength=\count105
\Field@Width=\dimen116
\Fld@charsize=\dimen117
Package hyperref Info: Hyper figures OFF on input line 6295.
Package hyperref Info: Link nesting OFF on input line 6300.
Package hyperref Info: Hyper index ON on input line 6303.
Package hyperref Info: backreferencing OFF on input line 6310.
Package hyperref Info: Link coloring ON on input line 6313.
Package hyperref Info: Link coloring with OCG OFF on input line 6320.
Package hyperref Info: PDF/A mode OFF on input line 6325.
LaTeX Info: Redefining \ref on input line 6365.
LaTeX Info: Redefining \pageref on input line 6369.
\Hy@abspage=\count106
\c@Item=\count107
\c@Hfootnote=\count108
)

Package hyperref Message: Driver (autodetected): hxetex.

(c:/texlive/2014/texmf-dist/tex/latex/hyperref/hxetex.def
File: hxetex.def 2012/11/06 v6.83m Hyperref driver for XeTeX

(c:/texlive/2014/texmf-dist/tex/latex/hyperref/puenc.def
File: puenc.def 2012/11/06 v6.83m Hyperref: PDF Unicode definition (HO)
)
(c:/texlive/2014/texmf-dist/tex/generic/oberdiek/stringenc.sty
Package: stringenc 2011/12/02 v1.10 Convert strings between diff. encodings (HO
)
)
\pdfm@box=\box28
\c@Hy@AnnotLevel=\count109
\HyField@AnnotCount=\count110
\Fld@listcount=\count111
\c@bookmark@seq@number=\count112

(c:/texlive/2014/texmf-dist/tex/latex/oberdiek/rerunfilecheck.sty
Package: rerunfilecheck 2011/04/15 v1.7 Rerun checks for auxiliary files (HO)
Package rerunfilecheck Info: Feature \pdfmdfivesum is not available
(rerunfilecheck)             (e.g. pdfTeX or LuaTeX with package `pdftexcmds').

(rerunfilecheck)             Therefore file contents cannot be checked efficien
tly
(rerunfilecheck)             and the loading of the package is aborted.
)
\Hy@SectionHShift=\skip46
)
(c:/texlive/2014/texmf-dist/tex/xelatex/xepersian/xepersian.sty
Package: xepersian 2014/02/05 v13.7 Persian typesetting in XeLaTeX

(c:/texlive/2014/texmf-dist/tex/latex/fontspec/fontspec.sty
Package: fontspec 2013/05/20 v2.3c Font selection for XeLaTeX and LuaLaTeX

(c:/texlive/2014/texmf-dist/tex/latex/l3kernel/expl3.sty
Package: expl3 2014/05/20 v4814 L3 programming layer (loader) 

(c:/texlive/2014/texmf-dist/tex/latex/l3kernel/expl3-code.tex
Package: expl3 2014/05/20 v4814 L3 programming layer (code) 
L3 Module: l3bootstrap 2014/05/16 v4782 L3 Bootstrap code

(c:/texlive/2014/texmf-dist/tex/latex/etex-pkg/etex.sty
Package: etex 1998/03/26 v2.0 eTeX basic definition package (PEB)
\et@xins=\count113
)
L3 Module: l3names 2014/05/04 v4728 L3 Namespace for primitives
L3 Module: l3basics 2014/05/04 v4728 L3 Basic definitions
L3 Module: l3expan 2014/04/30 v4712 L3 Argument expansion
L3 Module: l3tl 2014/05/04 v4728 L3 Token lists
L3 Module: l3seq 2014/04/30 v4712 L3 Sequences and stacks
L3 Module: l3int 2014/05/16 v4776 L3 Integers
\c_max_int=\count114
\l_tmpa_int=\count115
\l_tmpb_int=\count116
\g_tmpa_int=\count117
\g_tmpb_int=\count118
L3 Module: l3quark 2014/05/04 v4728 L3 Quarks
L3 Module: l3prg 2014/05/04 v4728 L3 Control structures
\g__prg_map_int=\count119
L3 Module: l3clist 2014/05/04 v4728 L3 Comma separated lists
L3 Module: l3token 2014/05/04 v4728 L3 Experimental token manipulation
L3 Module: l3prop 2014/04/30 v4712 L3 Property lists
L3 Module: l3msg 2014/05/04 v4728 L3 Messages
L3 Module: l3file 2014/05/05 v4737 L3 File and I/O operations
\l_iow_line_count_int=\count120
\l__iow_target_count_int=\count121
\l__iow_current_line_int=\count122
\l__iow_current_word_int=\count123
\l__iow_current_indentation_int=\count124
L3 Module: l3skip 2014/05/05 v4738 L3 Dimensions and skips
\c_zero_dim=\dimen118
\c_max_dim=\dimen119
\l_tmpa_dim=\dimen120
\l_tmpb_dim=\dimen121
\g_tmpa_dim=\dimen122
\g_tmpb_dim=\dimen123
\c_zero_skip=\skip47
\c_max_skip=\skip48
\l_tmpa_skip=\skip49
\l_tmpb_skip=\skip50
\g_tmpa_skip=\skip51
\g_tmpb_skip=\skip52
\c_zero_muskip=\muskip12
\c_max_muskip=\muskip13
\l_tmpa_muskip=\muskip14
\l_tmpb_muskip=\muskip15
\g_tmpa_muskip=\muskip16
\g_tmpb_muskip=\muskip17
L3 Module: l3keys 2014/05/08 v4753 L3 Key-value interfaces
\g__keyval_level_int=\count125
\l_keys_choice_int=\count126
L3 Module: l3fp 2014/04/30 v4712 L3 Floating points
\c__fp_leading_shift_int=\count127
\c__fp_middle_shift_int=\count128
\c__fp_trailing_shift_int=\count129
\c__fp_big_leading_shift_int=\count130
\c__fp_big_middle_shift_int=\count131
\c__fp_big_trailing_shift_int=\count132
\c__fp_Bigg_leading_shift_int=\count133
\c__fp_Bigg_middle_shift_int=\count134
\c__fp_Bigg_trailing_shift_int=\count135
L3 Module: l3box 2014/05/04 v4728 L3 Experimental boxes
\c_empty_box=\box29
\l_tmpa_box=\box30
\l_tmpb_box=\box31
\g_tmpa_box=\box32
\g_tmpb_box=\box33
L3 Module: l3coffins 2014/05/04 v4728 L3 Coffin code layer
\l__coffin_internal_box=\box34
\l__coffin_internal_dim=\dimen124
\l__coffin_offset_x_dim=\dimen125
\l__coffin_offset_y_dim=\dimen126
\l__coffin_x_dim=\dimen127
\l__coffin_y_dim=\dimen128
\l__coffin_x_prime_dim=\dimen129
\l__coffin_y_prime_dim=\dimen130
\c_empty_coffin=\box35
\l__coffin_aligned_coffin=\box36
\l__coffin_aligned_internal_coffin=\box37
\l_tmpa_coffin=\box38
\l_tmpb_coffin=\box39
\l__coffin_display_coffin=\box40
\l__coffin_display_coord_coffin=\box41
\l__coffin_display_pole_coffin=\box42
\l__coffin_display_offset_dim=\dimen131
\l__coffin_display_x_dim=\dimen132
\l__coffin_display_y_dim=\dimen133
L3 Module: l3color 2014/04/30 v4712 L3 Experimental color support
L3 Module: l3luatex 2014/04/30 v4712 L3 Experimental LuaTeX-specific functions
\g__cctab_allocate_int=\count136
\g__cctab_stack_int=\count137
L3 Module: l3candidates 2014/05/04 v4734 L3 Experimental additions to l3kernel
\l__box_top_dim=\dimen134
\l__box_bottom_dim=\dimen135
\l__box_left_dim=\dimen136
\l__box_right_dim=\dimen137
\l__box_top_new_dim=\dimen138
\l__box_bottom_new_dim=\dimen139
\l__box_left_new_dim=\dimen140
\l__box_right_new_dim=\dimen141
\l__box_internal_box=\box43
\l__coffin_bounding_shift_dim=\dimen142
\l__coffin_left_corner_dim=\dimen143
\l__coffin_right_corner_dim=\dimen144
\l__coffin_bottom_corner_dim=\dimen145
\l__coffin_top_corner_dim=\dimen146
\l__coffin_scaled_total_height_dim=\dimen147
\l__coffin_scaled_width_dim=\dimen148
))
(c:/texlive/2014/texmf-dist/tex/latex/l3packages/xparse/xparse.sty
Package: xparse 2014/05/05 v4740 L3 Experimental document command parser
\l__xparse_current_arg_int=\count138
\l__xparse_m_args_int=\count139
\l__xparse_mandatory_args_int=\count140
\l__xparse_processor_int=\count141
\l__xparse_v_nesting_int=\count142
)
\l_fontspec_script_int=\count143
\l_fontspec_language_int=\count144
\l_fontspec_strnum_int=\count145
\l_fontspec_tmpa_dim=\dimen149
\l_fontspec_tmpb_dim=\dimen150
\l_fontspec_tmpc_dim=\dimen151
Variant \tl_gset:cV already defined; not changing it on line 69

(c:/texlive/2014/texmf-dist/tex/latex/fontspec/fontspec-patches.sty
Package: fontspec-patches 2013/05/20 v2.3c Font selection for XeLaTeX and LuaLa
TeX

(c:/texlive/2014/texmf-dist/tex/latex/base/fixltx2e.sty
Package: fixltx2e 2014/05/13 v1.1q fixes to LaTeX
LaTeX Info: Redefining \em on input line 429.
LaTeX Info: The control sequence `\[' is already robust on input line 480.
LaTeX Info: The control sequence `\]' is already robust on input line 481.
)
LaTeX Info: Redefining \em on input line 22.
LaTeX Info: Redefining \emph on input line 30.
LaTeX Info: Redefining \- on input line 33.

*************************************************
* LaTeX warning: "xparse/redefine-command"
* 
* Redefining document command \oldstylenums with arg. spec. 'm' on line 128.
*************************************************
.................................................
. LaTeX info: "xparse/define-command"
. 
. Defining document command \liningnums with arg. spec. 'm' on line 132.
.................................................
) (c:/texlive/2014/texmf-dist/tex/latex/fontspec/fontspec-xetex.sty
Package: fontspec-xetex 2013/05/20 v2.3c Font selection for XeLaTeX and LuaLaTe
X

(c:/texlive/2014/texmf-dist/tex/latex/base/fontenc.sty
Package: fontenc 2005/09/27 v1.99g Standard LaTeX package

(c:/texlive/2014/texmf-dist/tex/latex/euenc/eu1enc.def
File: eu1enc.def 2010/05/27 v0.1h Experimental Unicode font encodings
)
LaTeX Font Info:    Try loading font information for EU1+lmr on input line 100.


(c:/texlive/2014/texmf-dist/tex/latex/euenc/eu1lmr.fd
File: eu1lmr.fd 2009/10/30 v1.6 Font defs for Latin Modern
))
(c:/texlive/2014/texmf-dist/tex/xelatex/xunicode/xunicode.sty
File: xunicode.sty 2011/09/09 v0.981 provides access to latin accents and many 
other characters in Unicode lower plane

(c:/texlive/2014/texmf-dist/tex/latex/tipa/t3enc.def
File: t3enc.def 2001/12/31 T3 encoding
LaTeX Font Info:    Try loading font information for EU1+lmss on input line 357
.

(c:/texlive/2014/texmf-dist/tex/latex/euenc/eu1lmss.fd
File: eu1lmss.fd 2009/10/30 v1.6 Font defs for Latin Modern
))
\tipaTiiicode=\count146
\tipasavetokens=\toks20
\tipachecktokens=\toks21
)
.................................................
. LaTeX info: "xparse/define-command"
. 
. Defining document command \fontspec with arg. spec. 'O{}m' on line 41.
.................................................
.................................................
. LaTeX info: "xparse/define-command"
. 
. Defining document command \setmainfont with arg. spec. 'O{}m' on line 46.
.................................................
.................................................
. LaTeX info: "xparse/define-command"
. 
. Defining document command \setsansfont with arg. spec. 'O{}m' on line 51.
.................................................
.................................................
. LaTeX info: "xparse/define-command"
. 
. Defining document command \setmonofont with arg. spec. 'O{}m' on line 56.
.................................................
.................................................
. LaTeX info: "xparse/define-command"
. 
. Defining document command \setmathrm with arg. spec. 'O{}m' on line 65.
.................................................
.................................................
. LaTeX info: "xparse/define-command"
. 
. Defining document command \setboldmathrm with arg. spec. 'O{}m' on line 69.
.................................................
.................................................
. LaTeX info: "xparse/define-command"
. 
. Defining document command \setmathsf with arg. spec. 'O{}m' on line 73.
.................................................
.................................................
. LaTeX info: "xparse/define-command"
. 
. Defining document command \setmathtt with arg. spec. 'O{}m' on line 77.
.................................................
.................................................
. LaTeX info: "xparse/define-command"
. 
. Defining document command \newfontfamily with arg. spec. 'mO{}m' on line 96.
.................................................
.................................................
. LaTeX info: "xparse/define-command"
. 
. Defining document command \newfontface with arg. spec. 'mO{}m' on line 100.
.................................................
.................................................
. LaTeX info: "xparse/define-command"
. 
. Defining document command \defaultfontfeatures with arg. spec. 'om' on line
. 108.
.................................................
.................................................
. LaTeX info: "xparse/define-command"
. 
. Defining document command \addfontfeatures with arg. spec. 'm' on line 144.
.................................................
.................................................
. LaTeX info: "xparse/define-command"
. 
. Defining document command \newfontfeature with arg. spec. 'mm' on line 156.
.................................................
.................................................
. LaTeX info: "xparse/define-command"
. 
. Defining document command \newAATfeature with arg. spec. 'mmmm' on line 164.
.................................................
.................................................
. LaTeX info: "xparse/define-command"
. 
. Defining document command \newICUfeature with arg. spec. 'mmm' on line 172.
.................................................
.................................................
. LaTeX info: "xparse/define-command"
. 
. Defining document command \aliasfontfeature with arg. spec. 'mm' on line
. 201.
.................................................
.................................................
. LaTeX info: "xparse/define-command"
. 
. Defining document command \aliasfontfeatureoption with arg. spec. 'mmm' on
. line 203.
.................................................
.................................................
. LaTeX info: "xparse/define-command"
. 
. Defining document command \newfontscript with arg. spec. 'mm' on line 208.
.................................................
.................................................
. LaTeX info: "xparse/define-command"
. 
. Defining document command \newfontlanguage with arg. spec. 'mm' on line 235.
.................................................
.................................................
. LaTeX info: "xparse/define-command"
. 
. Defining document command \DeclareFontsExtensions with arg. spec. 'm' on
. line 256.
.................................................
Variant \prop_gput:cnV already defined; not changing it on line 582
Variant \prop_gput:cnx already defined; not changing it on line 583
\l_fontspec_tmp_int=\count147
LaTeX Info: Redefining \itshape on input line 2087.
LaTeX Info: Redefining \slshape on input line 2092.
LaTeX Info: Redefining \scshape on input line 2097.
LaTeX Info: Redefining \upshape on input line 2102.

(c:/texlive/2014/texmf-dist/tex/latex/fontspec/fontspec.cfg)))
(c:/texlive/2014/texmf-dist/tex/xelatex/xepersian/xepersian-persiancal.sty
Package: xepersian-persiancal 2012/07/25 v0.2 provides Persian calendar
\XePersian@i=\count148
\XePersian@y=\count149
\XePersian@m=\count150
\XePersian@d=\count151
\XePersian@latini=\count152
\XePersian@persiani=\count153
\XePersian@latinii=\count154
\XePersian@persianii=\count155
\XePersian@latiniii=\count156
\XePersian@persianiii=\count157
\XePersian@latiniv=\count158
\XePersian@persianiv=\count159
\XePersian@latinv=\count160
\XePersian@persianv=\count161
\XePersian@latinvi=\count162
\XePersian@persianvi=\count163
\XePersian@latinvii=\count164
\XePersian@persianvii=\count165
\XePersian@latinviii=\count166
\XePersian@persianviii=\count167
\XePersian@latinix=\count168
\XePersian@persianix=\count169
\XePersian@latinx=\count170
\XePersian@persianx=\count171
\XePersian@latinxi=\count172
\XePersian@persianxi=\count173
\XePersian@latinxii=\count174
\XePersian@persianxii=\count175
\XePersian@persianxiii=\count176
\XePersian@temp=\count177
\XePersian@temptwo=\count178
\XePersian@tempthree=\count179
\XePersian@yModHundred=\count180
\XePersian@thirtytwo=\count181
\XePersian@dn=\count182
\XePersian@sn=\count183
\XePersian@mminusone=\count184
)
(c:/texlive/2014/texmf-dist/tex/xelatex/xepersian/xepersian-mathsdigitspec.sty
Package: xepersian-mathsdigitspec 2013/10/21 v1.0.5 Unicode Persian maths digit
s in XeLaTeX
.................................................
. LaTeX info: "xparse/define-command"
. 
. Defining document command \new@mathbf with arg. spec. 'm' on line 131.
.................................................
.................................................
. LaTeX info: "xparse/define-command"
. 
. Defining document command \new@mathit with arg. spec. 'm' on line 139.
.................................................
.................................................
. LaTeX info: "xparse/define-command"
. 
. Defining document command \new@mathrm with arg. spec. 'm' on line 147.
.................................................
.................................................
. LaTeX info: "xparse/define-command"
. 
. Defining document command \new@mathsf with arg. spec. 'm' on line 155.
.................................................
.................................................
. LaTeX info: "xparse/define-command"
. 
. Defining document command \new@mathtt with arg. spec. 'm' on line 163.
.................................................
.................................................
. LaTeX info: "xparse/define-command"
. 
. Defining document command \setmathsfdigitfont with arg. spec. 'O{}m' on line
. 193.
.................................................
.................................................
. LaTeX info: "xparse/define-command"
. 
. Defining document command \setmathttdigitfont with arg. spec. 'O{}m' on line
. 198.
.................................................
) (c:/texlive/2014/texmf-dist/tex/xelatex/bidi/bidi.sty
Package: bidi 2014/04/23 v14.8 Bidirectional typesetting in plain TeX and LaTeX


****************************************************
* 
* bidi package (Bidirectional typesetting in
* plain TeX and LaTeX, using XeTeX engine)
* 
* Description: A convenient interface for
* typesetting bidirectional texts in plain TeX
* and LaTeX. The package includes adaptations
* for use with many other commonly-used packages.
* 
* Copyright © 2009–2014 Vafa Khalighi
* 
* 2014/04/23, v14.8
* 
* License: LaTeX Project Public License, version
* 1.3c or higher (your choice)
* 
* Location on CTAN: /macros/xetex/latex/bidi
* 
* Issue tracker: https://github.com/vafa/bidi/issues
* 
* Support: persian-tex@tug.org
****************************************************
(c:/texlive/2014/texmf-dist/tex/generic/iftex/iftex.sty
Package: iftex 2013/04/04 v0.2 Provides if(tex) conditional for PDFTeX, XeTeX, 
and LuaTeX
)
(c:/texlive/2014/texmf-dist/tex/latex/oberdiek/zref-abspage.sty
Package: zref-abspage 2012/04/04 v2.24 Module abspage for zref (HO)

(c:/texlive/2014/texmf-dist/tex/latex/oberdiek/zref-base.sty
Package: zref-base 2012/04/04 v2.24 Module base for zref (HO)
Package zref Info: New property list: main on input line 759.
Package zref Info: New property: default on input line 760.
Package zref Info: New property: page on input line 761.
)
\c@abspage=\count185
Package zref Info: New property: abspage on input line 62.
)
(c:/texlive/2014/texmf-dist/tex/xelatex/bidi/latex-xetex-bidi.def
File: latex-xetex-bidi.def 2013/10/10 v1.1.5 bidi adaptations for `latex.ltx' f
or XeTeX engine
\bidi@n@everypar=\toks22

(c:/texlive/2014/texmf-dist/tex/xelatex/bidi/footnote-xetex-bidi.def
File: footnote-xetex-bidi.def 2013/04/26 v0.8 bidi footnote macros for XeTeX en
gine
\c@footdir@label=\count186
\footdir@toks=\toks23
)
(c:/texlive/2014/texmf-dist/tex/xelatex/bidi/article-xetex-bidi.def
File: article-xetex-bidi.def 2010/07/25 v0.4 bidi adaptations for standard arti
cle class for XeTeX engine
)
(c:/texlive/2014/texmf-dist/tex/xelatex/bidi/amsmath-xetex-bidi.def
File: amsmath-xetex-bidi.def 2013/09/23 v0.8 bidi adaptations for amsmath packa
ge for XeTeX engine
)
(c:/texlive/2014/texmf-dist/tex/xelatex/bidi/amstext-xetex-bidi.def
File: amstext-xetex-bidi.def 2013/04/04 v0.1 bidi adaptations for amstext packa
ge for XeTeX engine
)
(c:/texlive/2014/texmf-dist/tex/xelatex/bidi/graphicx-xetex-bidi.def
File: graphicx-xetex-bidi.def 2012/01/01 v0.4 bidi adaptations for graphicx pac
kage for XeTeX engine
)
(c:/texlive/2014/texmf-dist/tex/xelatex/bidi/hyperref-xetex-bidi.def
File: hyperref-xetex-bidi.def 2013/04/08 v0.7 bidi adaptations for hyperref pac
kage for XeTeX engine
))
(c:/texlive/2014/texmf-dist/tex/xelatex/bidi/loadingorder-xetex-bidi.def
File: loadingorder-xetex-bidi.def 2013/05/22 v0.95 making sure that bidi is the
 last package loaded
))
****************************************************
* 
* xepersian package (Persian for LaTeX, using XeTeX engine)
* 
* Description: The package supports Persian
* typesetting, using fonts provided in the
* distribution.
* 
* Copyright © 2008–2013 Vafa Khalighi
* 
* v13.7, 2014/02/05
* 
* License: LaTeX Project Public License, version
* 1.3c or higher (your choice)
* 
* Location on CTAN: /macros/xetex/latex/xepersian
* 
* Issue tracker: https://github.com/vafa/xepersian/issues
* 
* Support: persian-tex@tug.org
****************************************************
.................................................
. LaTeX info: "xparse/define-command"
. 
. Defining document command \settextfont with arg. spec. 'O{}m' on line 110.
.................................................
\g__file_internal_ior=\read1
\g_fontspec_family_persian-modern-regular_int=\count187
.................................................
. fontspec info: "defining-font"
. 
. Font family 'persian-modern-regular(0)' created for font
. 'persian-modern-regular' with options
. [Script=Parsi,Language=Parsi,Mapping=parsidigits,ExternalLocation,BoldFont={p
ersian-modern-bold},BoldItalicFont={persian-modern-bolditalic},ItalicFont={pers
ian-modern-italic},SlantedFont={persian-modern-oblique},BoldSlantedFont={persia
n-modern-boldoblique}].
. 
. This font family consists of the following shapes:
. 
. * 'normal' with NFSS spec.:
. 
. <->"[persian-modern-regular]/ICU:script=arab;language=FAR;mapping=parsidigits
;"
. 
. * 'bold' with NFSS spec.:
. 
. <->"[persian-modern-bold]/ICU:script=arab;language=FAR;mapping=parsidigits;"
. 
. * 'italic' with NFSS spec.:
. 
. <->"[persian-modern-italic]/ICU:script=arab;language=FAR;mapping=parsidigits;
"
. 
. * 'sl/' with NFSS spec.:
. 
. <->"[persian-modern-oblique]/ICU:script=arab;language=FAR;mapping=parsidigits
;"
. 
. * 'bold italic' with NFSS spec.:
. 
. <->"[persian-modern-bolditalic]/ICU:script=arab;language=FAR;mapping=parsidig
its;"
. 
. * 'sl/' with NFSS spec.:
. 
. <->"[persian-modern-boldoblique]/ICU:script=arab;language=FAR;mapping=parsidi
gits;"
.................................................
.................................................
. fontspec info: "defining-font"
. 
. Font family 'persian-modern-regular(1)' created for font
. 'persian-modern-regular' with options
. [Mapping=parsidigits,ExternalLocation,BoldFont={persian-modern-bold},BoldItal
icFont={persian-modern-bolditalic},ItalicFont={persian-modern-italic},SlantedFo
nt={persian-modern-oblique},BoldSlantedFont={persian-modern-boldoblique}].
. 
. This font family consists of the following shapes:
. 
. * 'normal' with NFSS spec.:
. 
. <->"[persian-modern-regular]/ICU:script=latn;language=DFLT;mapping=parsidigit
s;"
. 
. * 'bold' with NFSS spec.:
. 
. <->"[persian-modern-bold]/ICU:script=latn;language=DFLT;mapping=parsidigits;"

. 
. * 'italic' with NFSS spec.:
. 
. <->"[persian-modern-italic]/ICU:script=latn;language=DFLT;mapping=parsidigits
;"
. 
. * 'sl/' with NFSS spec.:
. 
. <->"[persian-modern-oblique]/ICU:script=latn;language=DFLT;mapping=parsidigit
s;"
. 
. * 'bold italic' with NFSS spec.:
. 
. <->"[persian-modern-bolditalic]/ICU:script=latn;language=DFLT;mapping=parsidi
gits;"
. 
. * 'sl/' with NFSS spec.:
. 
. <->"[persian-modern-boldoblique]/ICU:script=latn;language=DFLT;mapping=parsid
igits;"
.................................................
Package xepersian-mathsdigitspec Info: DefiningthedefaultPersianmathsdigitsfont
as'persian-modern-regular' on input line 112.
\symOPERATORS=\mathgroup4
\symnew@mathbf@font@digits=\mathgroup5
\symnew@mathit@font@digits=\mathgroup6
\symnew@mathrm@font@digits=\mathgroup7
.................................................
. LaTeX info: "xparse/define-command"
. 
. Defining document command \setlatintextfont with arg. spec. 'O{}m' on line
. 121.
.................................................
\g_fontspec_family_lmroman10-regular_int=\count188
.................................................
. fontspec info: "defining-font"
. 
. Font family 'lmroman10-regular(0)' created for font 'lmroman10-regular' with
. options
. [Mapping=tex-text,ExternalLocation,BoldFont={lmroman10-bold},BoldItalicFont={
lmroman10-bolditalic},ItalicFont={lmroman10-italic},SmallCapsFont={lmromancaps1
0-regular},SlantedFont={lmromanslant10-regular},BoldSlantedFont={lmromanslant10
-bold}].
. 
. This font family consists of the following shapes:
. 
. * 'normal' with NFSS spec.:
. <->"[lmroman10-regular]/ICU:script=latn;language=DFLT;mapping=tex-text;"
. 
. * 'small caps' with NFSS spec.:
. 
. <->"[lmromancaps10-regular]/ICU:script=latn;language=DFLT;mapping=tex-text;"
. 
. * 'bold' with NFSS spec.:
. <->"[lmroman10-bold]/ICU:script=latn;language=DFLT;mapping=tex-text;"
. 
. * 'bold small caps' with NFSS spec.:
. 
. <->"[lmromancaps10-regular]/ICU:script=latn;language=DFLT;mapping=tex-text;"
. 
. * 'italic' with NFSS spec.:
. <->"[lmroman10-italic]/ICU:script=latn;language=DFLT;mapping=tex-text;"
. 
. * 'italic small caps' with NFSS spec.:
. 
. <->"[lmromancaps10-regular]/ICU:script=latn;language=DFLT;mapping=tex-text;"
. 
. * 'sl/' with NFSS spec.:
. 
. <->"[lmromanslant10-regular]/ICU:script=latn;language=DFLT;mapping=tex-text;"

. 
. * 'small caps' with NFSS spec.:
. 
. <->"[lmromancaps10-regular]/ICU:script=latn;language=DFLT;mapping=tex-text;"
. 
. * 'bold italic' with NFSS spec.:
. <->"[lmroman10-bolditalic]/ICU:script=latn;language=DFLT;mapping=tex-text;"
. 
. * 'bold italic small caps' with NFSS spec.:
. 
. <->"[lmromancaps10-regular]/ICU:script=latn;language=DFLT;mapping=tex-text;"
. 
. * 'sl/' with NFSS spec.:
. <->"[lmromanslant10-bold]/ICU:script=latn;language=DFLT;mapping=tex-text;"
. 
. * 'bold small caps' with NFSS spec.:
. 
. <->"[lmromancaps10-regular]/ICU:script=latn;language=DFLT;mapping=tex-text;"
.................................................
.................................................
. LaTeX info: "xparse/define-command"
. 
. Defining document command \defpersianfont with arg. spec. 'mO{}m' on line
. 133.
.................................................
.................................................
. LaTeX info: "xparse/define-command"
. 
. Defining document command \deflatinfont with arg. spec. 'mO{}m' on line 142.
.................................................
.................................................
. LaTeX info: "xparse/define-command"
. 
. Defining document command \setpersiansansfont with arg. spec. 'O{}m' on line
. 176.
.................................................
.................................................
. LaTeX info: "xparse/define-command"
. 
. Defining document command \setpersianmonofont with arg. spec. 'O{}m' on line
. 180.
.................................................
.................................................
. LaTeX info: "xparse/define-command"
. 
. Defining document command \setnavarfont with arg. spec. 'O{}m' on line 184.
.................................................
.................................................
. LaTeX info: "xparse/define-command"
. 
. Defining document command \setpookfont with arg. spec. 'O{}m' on line 188.
.................................................
\g_fontspec_family_persian-modern-outline_int=\count189
.................................................
. fontspec info: "defining-font"
. 
. Font family 'persian-modern-outline(0)' created for font
. 'persian-modern-outline' with options
. [Script=Parsi,Language=Parsi,Mapping=parsidigits,ExternalLocation,ItalicFont=
{persian-modern-italicoutline},SlantedFont={persian-modern-obliqueoutline}].
. 
. This font family consists of the following shapes:
. 
. * 'normal' with NFSS spec.:
. 
. <->"[persian-modern-outline]/ICU:script=arab;language=FAR;mapping=parsidigits
;"
. 
. * 'italic' with NFSS spec.:
. 
. <->"[persian-modern-italicoutline]/ICU:script=arab;language=FAR;mapping=parsi
digits;"
. 
. * 'sl/' with NFSS spec.:
. 
. <->"[persian-modern-obliqueoutline]/ICU:script=arab;language=FAR;mapping=pars
idigits;"
.................................................
.................................................
. LaTeX info: "xparse/define-command"
. 
. Defining document command \setsayehfont with arg. spec. 'O{}m' on line 193.
.................................................
\g_fontspec_family_persian-modern-shadow_int=\count190
.................................................
. fontspec info: "defining-font"
. 
. Font family 'persian-modern-shadow(0)' created for font
. 'persian-modern-shadow' with options
. [Script=Parsi,Language=Parsi,Mapping=parsidigits,ExternalLocation,ItalicFont=
{persian-modern-italicshadow},SlantedFont={persian-modern-obliqueshadow}].
. 
. This font family consists of the following shapes:
. 
. * 'normal' with NFSS spec.:
. 
. <->"[persian-modern-shadow]/ICU:script=arab;language=FAR;mapping=parsidigits;
"
. 
. * 'italic' with NFSS spec.:
. 
. <->"[persian-modern-italicshadow]/ICU:script=arab;language=FAR;mapping=parsid
igits;"
. 
. * 'sl/' with NFSS spec.:
. 
. <->"[persian-modern-obliqueshadow]/ICU:script=arab;language=FAR;mapping=parsi
digits;"
.................................................
.................................................
. LaTeX info: "xparse/define-command"
. 
. Defining document command \setiranicfont with arg. spec. 'O{}m' on line 198.
.................................................
\g_fontspec_family_persian-modern-oblique_int=\count191
.................................................
. fontspec info: "defining-font"
. 
. Font family 'persian-modern-oblique(0)' created for font
. 'persian-modern-oblique' with options
. [Script=Parsi,Language=Parsi,Mapping=parsidigits,ExternalLocation,BoldFont={p
ersian-modern-boldoblique}].
. 
. This font family consists of the following shapes:
. 
. * 'normal' with NFSS spec.:
. 
. <->"[persian-modern-oblique]/ICU:script=arab;language=FAR;mapping=parsidigits
;"
. 
. * 'bold' with NFSS spec.:
. 
. <->"[persian-modern-boldoblique]/ICU:script=arab;language=FAR;mapping=parsidi
gits;"
.................................................
(c:/texlive/2014/texmf-dist/tex/xelatex/xepersian/loadingorder-xepersian.def
File: loadingorder-xepersian.def 2012/01/01 v0.3 making sure that xepersian is 
the last package loaded
)
(c:/texlive/2014/texmf-dist/tex/xelatex/xepersian/footnote-xepersian.def
File: footnote-xepersian.def 2013/04/26 v0.4 footnote macros for xepersian pack
age
)
(c:/texlive/2014/texmf-dist/tex/xelatex/xepersian/hyperref-xepersian.def
File: hyperref-xepersian.def 2013/04/09 v0.5 bilingual captions for hyperref pa
ckage
)
(c:/texlive/2014/texmf-dist/tex/xelatex/xepersian/article-xepersian.def
File: article-xepersian.def 2010/07/25 v0.2 adaptations for standard article cl
ass
)
(c:/texlive/2014/texmf-dist/tex/xelatex/xepersian/localise-xepersian.def
File: localise-xepersian.def 2010/07/25 v0.2a Persian localisation of LaTeX2e

(c:/texlive/2014/texmf-dist/tex/xelatex/xepersian/latex-localise-commands-xeper
sian.def
File: latex-localise-commands-xepersian.def 2014/02/05 v0.3 Persian localisatio
n of LaTeX2e commands
)
(c:/texlive/2014/texmf-dist/tex/xelatex/xepersian/xepersian-localise-commands-x
epersian.def
File: xepersian-localise-commands-xepersian.def 2012/07/25 v0.2 Persian localis
ation of XePersian commands
)
(c:/texlive/2014/texmf-dist/tex/xelatex/xepersian/latex-localise-environments-x
epersian.def
File: latex-localise-environments-xepersian.def 2010/07/25 v0.2 Persian localis
ation of LaTeX2e environments
)
(c:/texlive/2014/texmf-dist/tex/xelatex/xepersian/xepersian-localise-environmen
ts-xepersian.def
File: xepersian-localise-environments-xepersian.def 2010/07/25 v0.1 Persian loc
alisation of XePersian and bidi environments
)
(c:/texlive/2014/texmf-dist/tex/xelatex/xepersian/latex-localise-messages-xeper
sian.def
File: latex-localise-messages-xepersian.def 2011/03/01 v0.1 localising LaTeX2e 
messages
)
(c:/texlive/2014/texmf-dist/tex/xelatex/xepersian/latex-localise-misc-xepersian
.def
File: latex-localise-misc-xepersian.def 2012/01/01 v0.2 miscellaneous Persian l
ocalisation of LaTeX2e
)
(c:/texlive/2014/texmf-dist/tex/xelatex/xepersian/packages-localise-xepersian.d
ef
File: packages-localise-xepersian.def 2013/04/24 v0.2 localising LaTeX2e Packag
es
)
*************************************************
* fontspec warning: "rename-feature-not-exist"
* 
* The feature Renderer doesn't appear to be defined.
*************************************************
))
\g_fontspec_family_Persian Modern_int=\count192
.................................................
. fontspec info: "defining-font"
. 
. Font family 'PersianModern(0)' created for font 'Persian Modern' with
. options [Script=Parsi,Language=Parsi,Mapping=parsidigits,Scale=1.3].
. 
. This font family consists of the following shapes:
. 
. * 'normal' with NFSS spec.:
. <->s*[1.3]"Persian Modern/ICU:script=arab;language=FAR;mapping=parsidigits;"
. 
. * 'bold' with NFSS spec.:
. <->s*[1.3]"Persian
. Modern/B/ICU:script=arab;language=FAR;mapping=parsidigits;"
. 
. * 'italic' with NFSS spec.:
. <->s*[1.3]"Persian
. Modern/I/ICU:script=arab;language=FAR;mapping=parsidigits;"
. 
. * 'bold italic' with NFSS spec.:
. <->s*[1.3]"Persian
. Modern/BI/ICU:script=arab;language=FAR;mapping=parsidigits;"
.................................................
LaTeX Info: Redefining \persianfont on input line 7.
LaTeX Font Info:    Font shape `EU1/PersianModern(0)/m/n' will be
(Font)              scaled to size 13.00003pt on input line 7.
\g_fontspec_family_Times New Roman_int=\count193
.................................................
. fontspec info: "defining-font"
. 
. Font family 'TimesNewRoman(0)' created for font 'Times New Roman' with
. options [Mapping=tex-text,].
. 
. This font family consists of the following shapes:
. 
. * 'normal' with NFSS spec.:
. <->"Times New Roman/ICU:script=latn;language=DFLT;mapping=tex-text;"
. 
. * 'small caps' with NFSS spec.:
. <->"Times New Roman/ICU:script=latn;language=DFLT;mapping=tex-text;+smcp;"
. 
. * 'bold' with NFSS spec.:
. <->"Times New Roman/B/ICU:script=latn;language=DFLT;mapping=tex-text;"
. 
. * 'bold small caps' with NFSS spec.:
. <->"Times New Roman/B/ICU:script=latn;language=DFLT;mapping=tex-text;+smcp;"
. 
. * 'italic' with NFSS spec.:
. <->"Times New Roman/I/ICU:script=latn;language=DFLT;mapping=tex-text;"
. 
. * 'italic small caps' with NFSS spec.:
. <->"Times New Roman/I/ICU:script=latn;language=DFLT;mapping=tex-text;+smcp;"
. 
. * 'bold italic' with NFSS spec.:
. <->"Times New Roman/BI/ICU:script=latn;language=DFLT;mapping=tex-text;"
. 
. * 'bold italic small caps' with NFSS spec.:
. <->"Times New
. Roman/BI/ICU:script=latn;language=DFLT;mapping=tex-text;+smcp;"
.................................................
LaTeX Info: Redefining \latinfont on input line 8.
.................................................
. fontspec info: "defining-font"
. 
. Font family 'PersianModern(1)' created for font 'Persian Modern' with
. options [Mapping=parsidigits,Scale=1].
. 
. This font family consists of the following shapes:
. 
. * 'normal' with NFSS spec.:
. <->s*[1]"Persian Modern/ICU:script=latn;language=DFLT;mapping=parsidigits;"
. 
. * 'bold' with NFSS spec.:
. <->s*[1]"Persian
. Modern/B/ICU:script=latn;language=DFLT;mapping=parsidigits;"
. 
. * 'italic' with NFSS spec.:
. <->s*[1]"Persian
. Modern/I/ICU:script=latn;language=DFLT;mapping=parsidigits;"
. 
. * 'bold italic' with NFSS spec.:
. <->s*[1]"Persian
. Modern/BI/ICU:script=latn;language=DFLT;mapping=parsidigits;"
.................................................
Package xepersian-mathsdigitspec Info: DefiningthedefaultPersianmathsdigitsfont
as'Persian Modern' on input line 9.
LaTeX Font Info:    Redeclaring symbol font `OPERATORS' on input line 9.
LaTeX Font Info:    Overwriting symbol font `OPERATORS' in version `normal'
(Font)                  EU1/persian-modern-regular(1)/m/n --> EU1/PersianModern
(1)/m/n on input line 9.
LaTeX Font Info:    Overwriting symbol font `OPERATORS' in version `bold'
(Font)                  EU1/persian-modern-regular(1)/m/n --> EU1/PersianModern
(1)/m/n on input line 9.
LaTeX Font Info:    Redeclaring symbol font `new@mathbf@font@digits' on input l
ine 9.
LaTeX Font Info:    Overwriting symbol font `new@mathbf@font@digits' in version
 `normal'
(Font)                  EU1/persian-modern-regular(1)/bx/n --> EU1/PersianModer
n(1)/bx/n on input line 9.
LaTeX Font Info:    Overwriting symbol font `new@mathbf@font@digits' in version
 `bold'
(Font)                  EU1/persian-modern-regular(1)/bx/n --> EU1/PersianModer
n(1)/bx/n on input line 9.
LaTeX Font Info:    Redeclaring symbol font `new@mathit@font@digits' on input l
ine 9.
LaTeX Font Info:    Overwriting symbol font `new@mathit@font@digits' in version
 `normal'
(Font)                  EU1/persian-modern-regular(1)/m/it --> EU1/PersianModer
n(1)/m/it on input line 9.
LaTeX Font Info:    Overwriting symbol font `new@mathit@font@digits' in version
 `bold'
(Font)                  EU1/persian-modern-regular(1)/m/it --> EU1/PersianModer
n(1)/m/it on input line 9.
LaTeX Font Info:    Redeclaring symbol font `new@mathrm@font@digits' on input l
ine 9.
LaTeX Font Info:    Overwriting symbol font `new@mathrm@font@digits' in version
 `normal'
(Font)                  EU1/persian-modern-regular(1)/m/n --> EU1/PersianModern
(1)/m/n on input line 9.
LaTeX Font Info:    Overwriting symbol font `new@mathrm@font@digits' in version
 `bold'
(Font)                  EU1/persian-modern-regular(1)/m/n --> EU1/PersianModern
(1)/m/n on input line 9.
 (./untitled-2.aux)
\openout1 = `untitled-2.aux'.

LaTeX Font Info:    Checking defaults for OML/cmm/m/it on input line 29.
LaTeX Font Info:    ... okay on input line 29.
LaTeX Font Info:    Checking defaults for T1/cmr/m/n on input line 29.
LaTeX Font Info:    ... okay on input line 29.
LaTeX Font Info:    Checking defaults for OT1/cmr/m/n on input line 29.
LaTeX Font Info:    ... okay on input line 29.
LaTeX Font Info:    Checking defaults for OMS/cmsy/m/n on input line 29.
LaTeX Font Info:    ... okay on input line 29.
LaTeX Font Info:    Checking defaults for OMX/cmex/m/n on input line 29.
LaTeX Font Info:    ... okay on input line 29.
LaTeX Font Info:    Checking defaults for U/cmr/m/n on input line 29.
LaTeX Font Info:    ... okay on input line 29.
LaTeX Font Info:    Checking defaults for PD1/pdf/m/n on input line 29.
LaTeX Font Info:    ... okay on input line 29.
LaTeX Font Info:    Checking defaults for PU/pdf/m/n on input line 29.
LaTeX Font Info:    ... okay on input line 29.
LaTeX Font Info:    Checking defaults for EU1/lmr/m/n on input line 29.
LaTeX Font Info:    ... okay on input line 29.
LaTeX Font Info:    Checking defaults for T3/cmr/m/n on input line 29.
LaTeX Font Info:    Try loading font information for T3+cmr on input line 29.
 (c:/texlive/2014/texmf-dist/tex/latex/tipa/t3cmr.fd
File: t3cmr.fd 2001/12/31 TIPA font definitions
)
LaTeX Font Info:    ... okay on input line 29.
\AtBeginShipoutBox=\box44

(c:/texlive/2014/texmf-dist/tex/latex/graphics/color.sty
Package: color 2014/04/23 v1.1a Standard LaTeX Color (DPC)

(c:/texlive/2014/texmf-dist/tex/latex/latexconfig/color.cfg
File: color.cfg 2007/01/18 v1.5 color configuration of teTeX/TeXLive
)
Package color Info: Driver file: xetex.def on input line 137.
)
Package hyperref Info: Link coloring ON on input line 29.

(c:/texlive/2014/texmf-dist/tex/latex/hyperref/nameref.sty
Package: nameref 2012/10/27 v2.43 Cross-referencing by name of section

(c:/texlive/2014/texmf-dist/tex/generic/oberdiek/gettitlestring.sty
Package: gettitlestring 2010/12/03 v1.4 Cleanup title references (HO)
)
\c@section@level=\count194
)
LaTeX Info: Redefining \ref on input line 29.
LaTeX Info: Redefining \pageref on input line 29.
LaTeX Info: Redefining \nameref on input line 29.

(./untitled-2.out) (./untitled-2.out)
\@outlinefile=\write3
\openout3 = `untitled-2.out'.

LaTeX Font Info:    Font shape `EU1/PersianModern(0)/m/n' will be
(Font)              scaled to size 22.46405pt on input line 31.
LaTeX Font Info:    Font shape `EU1/PersianModern(0)/m/n' will be
(Font)              scaled to size 15.60004pt on input line 31.
LaTeX Font Info:    Font shape `EU1/PersianModern(1)/m/n' will be
(Font)              scaled to size 12.0pt on input line 31.
LaTeX Font Info:    Font shape `EU1/PersianModern(1)/m/n' will be
(Font)              scaled to size 8.0pt on input line 31.
LaTeX Font Info:    Font shape `EU1/PersianModern(1)/m/n' will be
(Font)              scaled to size 6.0pt on input line 31.
LaTeX Font Info:    Font shape `EU1/PersianModern(1)/bx/n' will be
(Font)              scaled to size 12.0pt on input line 31.
LaTeX Font Info:    Font shape `EU1/PersianModern(1)/bx/n' will be
(Font)              scaled to size 8.0pt on input line 31.
LaTeX Font Info:    Font shape `EU1/PersianModern(1)/bx/n' will be
(Font)              scaled to size 6.0pt on input line 31.
LaTeX Font Info:    Font shape `EU1/PersianModern(1)/m/it' will be
(Font)              scaled to size 12.0pt on input line 31.
LaTeX Font Info:    Font shape `EU1/PersianModern(1)/m/it' will be
(Font)              scaled to size 8.0pt on input line 31.
LaTeX Font Info:    Font shape `EU1/PersianModern(1)/m/it' will be
(Font)              scaled to size 6.0pt on input line 31.

(c:/texlive/2014/texmf-dist/tex/generic/oberdiek/se-ascii-print.def
File: se-ascii-print.def 2011/12/02 v1.10 stringenc: Printable ASCII characters

) [1

]
Overfull \hbox (2.11754pt too wide) in paragraph at lines 35--36
[]\EU1/PersianModern(0)/m/n/10 لینک هایی هستند که بازدیدکنندگان سایت شما به آن 
ها مراجعه می کنند. بازدیدکنندگان[]
 []

LaTeX Font Info:    Font shape `EU1/PersianModern(0)/bx/n' will be
(Font)              scaled to size 13.00003pt on input line 47.

Underfull \hbox (badness 10000) in paragraph at lines 37--98
[][]
 []


Underfull \hbox (badness 10000) in paragraph at lines 37--98
[][]
 []


Underfull \hbox (badness 10000) in paragraph at lines 37--98
[][]
 []


Underfull \hbox (badness 10000) in paragraph at lines 37--98
[][]
 []


Underfull \hbox (badness 10000) in paragraph at lines 37--98
[][]
 []


Underfull \hbox (badness 10000) in paragraph at lines 37--98
[][]
 []


Underfull \hbox (badness 10000) in paragraph at lines 37--98
[][]
 []


Underfull \hbox (badness 10000) in paragraph at lines 37--98
[][]
 []


Underfull \hbox (badness 10000) in paragraph at lines 37--98
[][]
 []


Underfull \hbox (badness 10000) in paragraph at lines 37--98
[][]
 []


Underfull \hbox (badness 10000) in paragraph at lines 37--98
[][]
 []


Underfull \hbox (badness 10000) in paragraph at lines 37--98
[][]
 []


Underfull \hbox (badness 10000) in paragraph at lines 37--98
[][]
 []


Underfull \hbox (badness 10000) in paragraph at lines 37--98
[][]
 []

[2]
Underfull \hbox (badness 10000) in paragraph at lines 110--128
[][]
 []


Underfull \hbox (badness 10000) in paragraph at lines 110--128
[][]
 []


Underfull \hbox (badness 10000) in paragraph at lines 110--128
[][]
 []


Underfull \hbox (badness 10000) in paragraph at lines 110--128
[][]
 []

File: DG.jpg Graphic file (type QTm)
<use  "DG.jpg" >
Underfull \hbox (badness 10000) in paragraph at lines 129--137
[][]
 []


Overfull \hbox (125.75761pt too wide) in paragraph at lines 129--137
[][][][] []
 []


Underfull \hbox (badness 10000) in paragraph at lines 129--137
[][]
 []


Underfull \hbox (badness 10000) in paragraph at lines 129--137
[][]
 []

File: KSH.jpg Graphic file (type QTm)
<use  "KSH.jpg" >
Underfull \hbox (badness 10000) in paragraph at lines 138--159
[][]
 []


Underfull \hbox (badness 10000) in paragraph at lines 138--159
[][]
 []


Overfull \hbox (4.30414pt too wide) in paragraph at lines 138--159
[][][][] []
 []


Underfull \hbox (badness 10000) in paragraph at lines 138--159
[][]
 []


Underfull \hbox (badness 10000) in paragraph at lines 138--159
[][]
 []


Underfull \hbox (badness 10000) in paragraph at lines 138--159
[][]
 []


Underfull \hbox (badness 10000) in paragraph at lines 138--159
[][]
 []


Underfull \hbox (badness 10000) in paragraph at lines 138--159
[][]
 []


Underfull \hbox (badness 10000) in paragraph at lines 138--159
[][]
 []

[3]
Underfull \hbox (badness 10000) in paragraph at lines 160--162
[][]
 []


Underfull \hbox (badness 10000) in paragraph at lines 163--165
[][]
 []

File: AN.jpg Graphic file (type QTm)
<use  "AN.jpg" >
File: AN2.jpg Graphic file (type QTm)
 <use  "AN2.jpg" >
Underfull \hbox (badness 10000) in paragraph at lines 166--186
[][]
 []


Underfull \hbox (badness 10000) in paragraph at lines 166--186
[][]
 []


Overfull \hbox (57.00497pt too wide) in paragraph at lines 166--186
[][][][] []
 []


Underfull \hbox (badness 10000) in paragraph at lines 166--186
[][]
 []


Underfull \hbox (badness 10000) in paragraph at lines 166--186
[][]
 []


Overfull \hbox (59.71513pt too wide) in paragraph at lines 166--186
[][][][] []
 []


Underfull \hbox (badness 10000) in paragraph at lines 166--186
[][]
 []


Underfull \hbox (badness 10000) in paragraph at lines 166--186
[][]
 []


Underfull \hbox (badness 10000) in paragraph at lines 166--186
[][]
 []

[4]
File: KSH2.jpg Graphic file (type QTm)
 <use  "KSH2.jpg" >
Underfull \hbox (badness 10000) in paragraph at lines 187--194
[][]
 []


Underfull \hbox (badness 10000) in paragraph at lines 187--194
[][]
 []


Underfull \hbox (badness 10000) in paragraph at lines 187--194
[][]
 []


Underfull \hbox (badness 10000) in paragraph at lines 187--194
[][]
 []

[5]
Underfull \hbox (badness 10000) in paragraph at lines 195--198
[][]
 []


Underfull \hbox (badness 10000) in paragraph at lines 195--198
[][]
 []


Underfull \hbox (badness 10000) in paragraph at lines 199--209
[][]
 []


Underfull \hbox (badness 10000) in paragraph at lines 199--209
[][]
 []


Underfull \hbox (badness 10000) in paragraph at lines 199--209
[][]
 []


Underfull \hbox (badness 10000) in paragraph at lines 199--209
[][]
 []


Underfull \hbox (badness 10000) in paragraph at lines 199--209
[][]
 []

File: FO.jpg Graphic file (type QTm)
<use  "FO.jpg" >
Underfull \hbox (badness 10000) in paragraph at lines 210--222
[][]
 []


Underfull \hbox (badness 10000) in paragraph at lines 210--222
[][]
 []


Underfull \hbox (badness 10000) in paragraph at lines 210--222
[][]
 []


Underfull \hbox (badness 10000) in paragraph at lines 210--222
[][]
 []


Underfull \hbox (badness 10000) in paragraph at lines 210--222
[][]
 []

[6]
Underfull \hbox (badness 10000) in paragraph at lines 223--226
[][]
 []


Underfull \hbox (badness 10000) in paragraph at lines 223--226
[][]
 []


Underfull \hbox (badness 10000) in paragraph at lines 227--237
[][]
 []


Underfull \hbox (badness 10000) in paragraph at lines 227--237
[][]
 []


Underfull \hbox (badness 10000) in paragraph at lines 227--237
[][]
 []


Underfull \hbox (badness 10000) in paragraph at lines 227--237
[][]
 []


Underfull \hbox (badness 10000) in paragraph at lines 227--237
[][]
 []


Underfull \hbox (badness 10000) in paragraph at lines 238--241
[][]
 []


Underfull \hbox (badness 10000) in paragraph at lines 238--241
[][]
 []


Underfull \hbox (badness 10000) in paragraph at lines 242--245
[][]
 []


Underfull \hbox (badness 10000) in paragraph at lines 242--245
[][]
 []


Underfull \hbox (badness 10000) in paragraph at lines 246--261
[][]
 []


Underfull \hbox (badness 10000) in paragraph at lines 246--261
[][]
 []


Underfull \hbox (badness 10000) in paragraph at lines 246--261
[][]
 []


Underfull \hbox (badness 10000) in paragraph at lines 246--261
[][]
 []


Underfull \hbox (badness 10000) in paragraph at lines 246--261
[][]
 []


Underfull \hbox (badness 10000) in paragraph at lines 246--261
[][]
 []

[7]
Underfull \hbox (badness 10000) in paragraph at lines 262--265
[][]
 []


Underfull \hbox (badness 10000) in paragraph at lines 262--265
[][]
 []

File: FD.png Graphic file (type QTm)
<use  "FD.png" >
Underfull \hbox (badness 10000) in paragraph at lines 266--279
[][]
 []


Underfull \hbox (badness 10000) in paragraph at lines 266--279
[][]
 []


Overfull \hbox (4.85733pt too wide) in paragraph at lines 266--279
[][][][] []
 []


Underfull \hbox (badness 10000) in paragraph at lines 266--279
[][]
 []


Underfull \hbox (badness 10000) in paragraph at lines 266--279
[][]
 []


Underfull \hbox (badness 10000) in paragraph at lines 266--279
[][]
 []


Underfull \hbox (badness 10000) in paragraph at lines 266--279
[][]
 []


Underfull \hbox (badness 10000) in paragraph at lines 280--282
[][]
 []

[8]
Underfull \hbox (badness 10000) in paragraph at lines 285--287
[][]
 []


Underfull \hbox (badness 10000) in paragraph at lines 288--290
[][]
 []


Underfull \hbox (badness 10000) in paragraph at lines 291--293
[][]
 []


Underfull \hbox (badness 10000) in paragraph at lines 294--303
[][]
 []


Underfull \hbox (badness 10000) in paragraph at lines 294--303
[][]
 []


Underfull \hbox (badness 10000) in paragraph at lines 294--303
[][]
 []


Underfull \hbox (badness 10000) in paragraph at lines 294--303
[][]
 []

File: F.png Graphic file (type QTm)
<use  "F.png" >
Underfull \hbox (badness 10000) in paragraph at lines 304--317
[][]
 []


Underfull \hbox (badness 10000) in paragraph at lines 304--317
[][]
 []


Underfull \hbox (badness 10000) in paragraph at lines 304--317
[][]
 []


Underfull \hbox (badness 10000) in paragraph at lines 304--317
[][]
 []


Underfull \hbox (badness 10000) in paragraph at lines 304--317
[][]
 []


Underfull \hbox (badness 10000) in paragraph at lines 304--317
[][]
 []

[9]
Underfull \hbox (badness 10000) in paragraph at lines 318--320
[][]
 []


Underfull \hbox (badness 10000) in paragraph at lines 321--323
[][]
 []


Underfull \hbox (badness 10000) in paragraph at lines 324--326
[][]
 []


Underfull \hbox (badness 10000) in paragraph at lines 329--331
[][]
 []

File: MKH.png Graphic file (type QTm)
<use  "MKH.png" >
Underfull \hbox (badness 10000) in paragraph at lines 332--354
[][]
 []


Underfull \hbox (badness 10000) in paragraph at lines 332--354
[][]
 []


Underfull \hbox (badness 10000) in paragraph at lines 332--354
[][]
 []


Underfull \hbox (badness 10000) in paragraph at lines 332--354
[][]
 []


Underfull \hbox (badness 10000) in paragraph at lines 332--354
[][]
 []


Underfull \hbox (badness 10000) in paragraph at lines 332--354
[][]
 []


Underfull \hbox (badness 10000) in paragraph at lines 332--354
[][]
 []


Underfull \hbox (badness 10000) in paragraph at lines 332--354
[][]
 []


Underfull \hbox (badness 10000) in paragraph at lines 332--354
[][]
 []

[10]
Underfull \hbox (badness 10000) in paragraph at lines 357--359
[][]
 []


Underfull \hbox (badness 10000) in paragraph at lines 362--364
[][]
 []


Underfull \hbox (badness 10000) in paragraph at lines 365--367
[][]
 []


Underfull \hbox (badness 10000) in paragraph at lines 370--372
[][]
 []


Underfull \hbox (badness 10000) in paragraph at lines 377--379
[][]
 []

[11]
Underfull \hbox (badness 10000) in paragraph at lines 380--383
[][]
 []


Underfull \hbox (badness 10000) in paragraph at lines 380--383
[][]
 []


Underfull \hbox (badness 10000) in paragraph at lines 386--389
[][]
 []


Underfull \hbox (badness 10000) in paragraph at lines 386--389
[][]
 []

Package atveryend Info: Empty hook `BeforeClearDocument' on input line 398.
[12]
Package atveryend Info: Empty hook `AfterLastShipout' on input line 398.
 (./untitled-2.aux)
Package atveryend Info: Empty hook `AtVeryEndDocument' on input line 398.
Package atveryend Info: Empty hook `AtEndAfterFileList' on input line 398.
 ) 
Here is how much of TeX's memory you used:
 23162 strings out of 493734
 425819 string characters out of 6149468
 547910 words of memory out of 5000000
 26192 multiletter control sequences out of 15000+600000
 7794 words of font info for 75 fonts, out of 8000000 for 9000
 1328 hyphenation exceptions out of 8191
 43i,8n,48p,10438b,347s stack positions out of 5000i,500n,10000p,200000b,80000s

Output written on untitled-2.pdf (12 pages).
